Using pre-set license
Built from '2020.3/staging' branch; Version is '2020.3.25f1 (9b9180224418) revision 10195328'; Using compiler version '192528614'; Build Type 'Release'
OS: 'Windows 10  (10.0.19043) 64bit Professional' Language: 'en' Physical Memory: 16178 MB
BatchMode: 1, IsHumanControllingUs: 0, StartBugReporterOnCrash: 0, Is64bit: 1, IsPro: 0

COMMAND LINE ARGUMENTS:
D:\Unity 3D\2020.3.25f1\Editor\Unity.exe
-adb2
-batchMode
-noUpm
-name
AssetImportWorker1
-projectPath
D:/AT Projects/AT/Tools/Unity 3D/Mass Debris Placer
-logFile
Logs/AssetImportWorker1.log
-srvPort
55522
Successfully changed project path to: D:/AT Projects/AT/Tools/Unity 3D/Mass Debris Placer
D:/AT Projects/AT/Tools/Unity 3D/Mass Debris Placer
Using Asset Import Pipeline V2.
Refreshing native plugins compatible for Editor in 67.87 ms, found 2 plugins.
Preloading 0 native plugins for Editor in 0.00 ms.
Initialize engine version: 2020.3.25f1 (9b9180224418)
[Subsystems] Discovering subsystems at path D:/Unity 3D/2020.3.25f1/Editor/Data/Resources/UnitySubsystems
[Subsystems] Discovering subsystems at path D:/AT Projects/AT/Tools/Unity 3D/Mass Debris Placer/Assets
GfxDevice: creating device client; threaded=0
Direct3D:
    Version:  Direct3D 11.0 [level 11.0]
    Renderer: NVIDIA GeForce GTX 950M (ID=0x139a)
    Vendor:   
    VRAM:     4055 MB
    Driver:   30.0.14.7212
Initialize mono
Mono path[0] = 'D:/Unity 3D/2020.3.25f1/Editor/Data/Managed'
Mono path[1] = 'D:/Unity 3D/2020.3.25f1/Editor/Data/MonoBleedingEdge/lib/mono/unityjit'
Mono config path = 'D:/Unity 3D/2020.3.25f1/Editor/Data/MonoBleedingEdge/etc'
Using monoOptions --debugger-agent=transport=dt_socket,embedding=1,server=y,suspend=n,address=127.0.0.1:56484
Begin MonoManager ReloadAssembly
Registering precompiled unity dll's ...
Register platform support module: D:/Unity 3D/2020.3.25f1/Editor/Data/PlaybackEngines/WindowsStandaloneSupport/UnityEditor.WindowsStandalone.Extensions.dll
Registered in 0.001781 seconds.
Native extension for WindowsStandalone target not found
Refreshing native plugins compatible for Editor in 52.10 ms, found 2 plugins.
Preloading 0 native plugins for Editor in 0.00 ms.
Mono: successfully reloaded assembly
- Completed reload, in  0.924 seconds
Domain Reload Profiling:
	ReloadAssembly (924ms)
		BeginReloadAssembly (73ms)
			ExecutionOrderSort (0ms)
			DisableScriptedObjects (0ms)
			BackupInstance (0ms)
			ReleaseScriptingObjects (0ms)
			CreateAndSetChildDomain (1ms)
		EndReloadAssembly (755ms)
			LoadAssemblies (72ms)
			RebuildTransferFunctionScriptingTraits (0ms)
			SetupTypeCache (221ms)
			ReleaseScriptCaches (0ms)
			RebuildScriptCaches (51ms)
			SetupLoadedEditorAssemblies (346ms)
				LogAssemblyErrors (0ms)
				InitializePlatformSupportModulesInManaged (6ms)
				SetLoadedEditorAssemblies (0ms)
				RefreshPlugins (52ms)
				BeforeProcessingInitializeOnLoad (27ms)
				ProcessInitializeOnLoadAttributes (118ms)
				ProcessInitializeOnLoadMethodAttributes (142ms)
				AfterProcessingInitializeOnLoad (0ms)
				EditorAssembliesLoaded (0ms)
			ExecutionOrderSort2 (0ms)
			AwakeInstancesAfterBackupRestoration (0ms)
Platform modules already initialized, skipping
Registering precompiled user dll's ...
Registered in 0.003862 seconds.
Begin MonoManager ReloadAssembly
Native extension for WindowsStandalone target not found
Refreshing native plugins compatible for Editor in 0.37 ms, found 2 plugins.
Preloading 0 native plugins for Editor in 0.00 ms.
Mono: successfully reloaded assembly
- Completed reload, in  1.417 seconds
Domain Reload Profiling:
	ReloadAssembly (1418ms)
		BeginReloadAssembly (194ms)
			ExecutionOrderSort (0ms)
			DisableScriptedObjects (6ms)
			BackupInstance (0ms)
			ReleaseScriptingObjects (0ms)
			CreateAndSetChildDomain (26ms)
		EndReloadAssembly (1141ms)
			LoadAssemblies (115ms)
			RebuildTransferFunctionScriptingTraits (0ms)
			SetupTypeCache (402ms)
			ReleaseScriptCaches (0ms)
			RebuildScriptCaches (61ms)
			SetupLoadedEditorAssemblies (434ms)
				LogAssemblyErrors (0ms)
				InitializePlatformSupportModulesInManaged (5ms)
				SetLoadedEditorAssemblies (1ms)
				RefreshPlugins (0ms)
				BeforeProcessingInitializeOnLoad (104ms)
				ProcessInitializeOnLoadAttributes (310ms)
				ProcessInitializeOnLoadMethodAttributes (11ms)
				AfterProcessingInitializeOnLoad (3ms)
				EditorAssembliesLoaded (0ms)
			ExecutionOrderSort2 (0ms)
			AwakeInstancesAfterBackupRestoration (10ms)
Platform modules already initialized, skipping
========================================================================
Worker process is ready to serve import requests
Launched and connected shader compiler UnityShaderCompiler.exe after 0.19 seconds
Refreshing native plugins compatible for Editor in 0.60 ms, found 2 plugins.
Preloading 0 native plugins for Editor in 0.00 ms.
Unloading 1501 Unused Serialized files (Serialized files now loaded: 0)
System memory in use before: 184.4 MB.
System memory in use after: 184.4 MB.

Unloading 19 unused Assets to reduce memory usage. Loaded Objects now: 1965.
Total: 3.555300 ms (FindLiveObjects: 0.142100 ms CreateObjectMapping: 0.050500 ms MarkObjects: 3.217700 ms  DeleteObjects: 0.143500 ms)

AssetImportParameters requested are different than current active one (requested -> active):
  custom:framework-win-MediaFoundation: 216162199b28c13a410421893ffa2e32 -> 
  custom:video-decoder-ogg-theora: a1e56fd34408186e4bbccfd4996cb3dc -> 
  custom:container-muxer-webm: aa71ff27fc2769a1b78a27578f13a17b -> 
  custom:container-demuxer-webm: 4f35f7cbe854078d1ac9338744f61a02 -> 
  custom:container-demuxer-ogg: 62fdf1f143b41e24485cea50d1cbac27 -> 
  custom:video-encoder-webm-vp8: eb34c28f22e8b96e1ab97ce403110664 -> 
  custom:video-decoder-webm-vp8: 9c59270c3fd7afecdb556c50c9e8de78 -> 
  custom:audio-decoder-ogg-vorbis: bf7c407c2cedff20999df2af8eb42d56 -> 
  custom:audio-encoder-webm-vorbis: bf7c407c2cedff20999df2af8eb42d56 -> 
========================================================================
Received Import Request.
  path: Assets/Talaei.Dev/_Mesh
  artifactKey: Guid(0be4441c04398664b8ca6220c55f80f3) Importer(815301076,1909f56bfc062723c751e8b465ee728b)
Start importing Assets/Talaei.Dev/_Mesh using Guid(0be4441c04398664b8ca6220c55f80f3) Importer(815301076,1909f56bfc062723c751e8b465ee728b)  -> (artifact id: 'c6d2dfd9881fca4678940284bee44493') in 0.013432 seconds 
  Import took 0.017198 seconds .

========================================================================
Received Prepare
Registering precompiled user dll's ...
Registered in 0.004800 seconds.
Begin MonoManager ReloadAssembly
Native extension for WindowsStandalone target not found
Refreshing native plugins compatible for Editor in 0.48 ms, found 2 plugins.
Preloading 0 native plugins for Editor in 0.00 ms.
Mono: successfully reloaded assembly
- Completed reload, in  1.941 seconds
Domain Reload Profiling:
	ReloadAssembly (1943ms)
		BeginReloadAssembly (549ms)
			ExecutionOrderSort (0ms)
			DisableScriptedObjects (118ms)
			BackupInstance (0ms)
			ReleaseScriptingObjects (0ms)
			CreateAndSetChildDomain (232ms)
		EndReloadAssembly (1303ms)
			LoadAssemblies (195ms)
			RebuildTransferFunctionScriptingTraits (0ms)
			SetupTypeCache (437ms)
			ReleaseScriptCaches (1ms)
			RebuildScriptCaches (47ms)
			SetupLoadedEditorAssemblies (476ms)
				LogAssemblyErrors (0ms)
				InitializePlatformSupportModulesInManaged (7ms)
				SetLoadedEditorAssemblies (1ms)
				RefreshPlugins (1ms)
				BeforeProcessingInitializeOnLoad (129ms)
				ProcessInitializeOnLoadAttributes (320ms)
				ProcessInitializeOnLoadMethodAttributes (14ms)
				AfterProcessingInitializeOnLoad (3ms)
				EditorAssembliesLoaded (0ms)
			ExecutionOrderSort2 (0ms)
			AwakeInstancesAfterBackupRestoration (10ms)
Platform modules already initialized, skipping
Refreshing native plugins compatible for Editor in 0.41 ms, found 2 plugins.
Preloading 0 native plugins for Editor in 0.00 ms.
Unloading 1495 Unused Serialized files (Serialized files now loaded: 0)
System memory in use before: 184.2 MB.
System memory in use after: 184.3 MB.

Unloading 14 unused Assets to reduce memory usage. Loaded Objects now: 1967.
Total: 4.196500 ms (FindLiveObjects: 0.267600 ms CreateObjectMapping: 0.147600 ms MarkObjects: 3.759000 ms  DeleteObjects: 0.021200 ms)

AssetImportParameters requested are different than current active one (requested -> active):
  custom:framework-win-MediaFoundation: 216162199b28c13a410421893ffa2e32 -> 
  custom:video-decoder-ogg-theora: a1e56fd34408186e4bbccfd4996cb3dc -> 
  custom:container-muxer-webm: aa71ff27fc2769a1b78a27578f13a17b -> 
  custom:container-demuxer-webm: 4f35f7cbe854078d1ac9338744f61a02 -> 
  custom:container-demuxer-ogg: 62fdf1f143b41e24485cea50d1cbac27 -> 
  custom:video-encoder-webm-vp8: eb34c28f22e8b96e1ab97ce403110664 -> 
  custom:video-decoder-webm-vp8: 9c59270c3fd7afecdb556c50c9e8de78 -> 
  custom:audio-decoder-ogg-vorbis: bf7c407c2cedff20999df2af8eb42d56 -> 
  custom:audio-encoder-webm-vorbis: bf7c407c2cedff20999df2af8eb42d56 -> 
========================================================================
Received Import Request.
  Time since last request: 6364.414705 seconds.
  path: Assets/Talaei.Dev/_Textures/Debris Icon.png
  artifactKey: Guid(4496fdae9f7d5cf46a5f7bfefdd24cc3) Importer(815301076,1909f56bfc062723c751e8b465ee728b)
Start importing Assets/Talaei.Dev/_Textures/Debris Icon.png using Guid(4496fdae9f7d5cf46a5f7bfefdd24cc3) Importer(815301076,1909f56bfc062723c751e8b465ee728b)  -> (artifact id: '2445c86d47cb57f85ecc474280b4bb82') in 0.454145 seconds 
  Import took 0.484789 seconds .

========================================================================
Received Import Request.
  Time since last request: 2.861480 seconds.
  path: Assets/Talaei.Dev/_Textures/Debris Icon.png
  artifactKey: Guid(4496fdae9f7d5cf46a5f7bfefdd24cc3) Importer(815301076,1909f56bfc062723c751e8b465ee728b)
Start importing Assets/Talaei.Dev/_Textures/Debris Icon.png using Guid(4496fdae9f7d5cf46a5f7bfefdd24cc3) Importer(815301076,1909f56bfc062723c751e8b465ee728b)  -> (artifact id: 'ccf31124762e28c396f259ba6b2fe398') in 0.023897 seconds 
  Import took 0.027077 seconds .

========================================================================
Received Import Request.
  Time since last request: 35.527404 seconds.
  path: Assets/Talaei.Dev/_Textures/Dust_01.png
  artifactKey: Guid(e65955b3a0cf8da4e834e494a5684aab) Importer(815301076,1909f56bfc062723c751e8b465ee728b)
Start importing Assets/Talaei.Dev/_Textures/Dust_01.png using Guid(e65955b3a0cf8da4e834e494a5684aab) Importer(815301076,1909f56bfc062723c751e8b465ee728b)  -> (artifact id: '0439a4ea1a56c3ef6c02a63adb8113d3') in 0.021599 seconds 
  Import took 0.059951 seconds .

========================================================================
Received Import Request.
  Time since last request: 9.440521 seconds.
  path: Assets/Talaei.Dev/_UI
  artifactKey: Guid(769d6092f0f06504da81c6eeeb568bd5) Importer(815301076,1909f56bfc062723c751e8b465ee728b)
Start importing Assets/Talaei.Dev/_UI using Guid(769d6092f0f06504da81c6eeeb568bd5) Importer(815301076,1909f56bfc062723c751e8b465ee728b)  -> (artifact id: '7aa987086d91d2285902bf4765d29aba') in 0.010665 seconds 
  Import took 0.014573 seconds .

========================================================================
Received Prepare
Registering precompiled user dll's ...
Registered in 0.003717 seconds.
Begin MonoManager ReloadAssembly
Native extension for WindowsStandalone target not found
Refreshing native plugins compatible for Editor in 0.47 ms, found 2 plugins.
Preloading 0 native plugins for Editor in 0.00 ms.
Mono: successfully reloaded assembly
- Completed reload, in  1.527 seconds
Domain Reload Profiling:
	ReloadAssembly (1528ms)
		BeginReloadAssembly (132ms)
			ExecutionOrderSort (0ms)
			DisableScriptedObjects (7ms)
			BackupInstance (0ms)
			ReleaseScriptingObjects (0ms)
			CreateAndSetChildDomain (41ms)
		EndReloadAssembly (1313ms)
			LoadAssemblies (108ms)
			RebuildTransferFunctionScriptingTraits (0ms)
			SetupTypeCache (488ms)
			ReleaseScriptCaches (1ms)
			RebuildScriptCaches (79ms)
			SetupLoadedEditorAssemblies (440ms)
				LogAssemblyErrors (0ms)
				InitializePlatformSupportModulesInManaged (8ms)
				SetLoadedEditorAssemblies (1ms)
				RefreshPlugins (1ms)
				BeforeProcessingInitializeOnLoad (112ms)
				ProcessInitializeOnLoadAttributes (298ms)
				ProcessInitializeOnLoadMethodAttributes (16ms)
				AfterProcessingInitializeOnLoad (4ms)
				EditorAssembliesLoaded (0ms)
			ExecutionOrderSort2 (0ms)
			AwakeInstancesAfterBackupRestoration (11ms)
Platform modules already initialized, skipping
Refreshing native plugins compatible for Editor in 0.38 ms, found 2 plugins.
Preloading 0 native plugins for Editor in 0.00 ms.
Unloading 1495 Unused Serialized files (Serialized files now loaded: 0)
System memory in use before: 187.3 MB.
System memory in use after: 187.5 MB.

Unloading 14 unused Assets to reduce memory usage. Loaded Objects now: 1975.
Total: 5.045500 ms (FindLiveObjects: 0.431300 ms CreateObjectMapping: 0.149400 ms MarkObjects: 4.442600 ms  DeleteObjects: 0.020600 ms)

AssetImportParameters requested are different than current active one (requested -> active):
  custom:framework-win-MediaFoundation: 216162199b28c13a410421893ffa2e32 -> 
  custom:video-decoder-ogg-theora: a1e56fd34408186e4bbccfd4996cb3dc -> 
  custom:container-muxer-webm: aa71ff27fc2769a1b78a27578f13a17b -> 
  custom:container-demuxer-webm: 4f35f7cbe854078d1ac9338744f61a02 -> 
  custom:container-demuxer-ogg: 62fdf1f143b41e24485cea50d1cbac27 -> 
  custom:video-encoder-webm-vp8: eb34c28f22e8b96e1ab97ce403110664 -> 
  custom:video-decoder-webm-vp8: 9c59270c3fd7afecdb556c50c9e8de78 -> 
  custom:audio-decoder-ogg-vorbis: bf7c407c2cedff20999df2af8eb42d56 -> 
  custom:audio-encoder-webm-vorbis: bf7c407c2cedff20999df2af8eb42d56 -> 
========================================================================
Received Import Request.
  Time since last request: 78.130746 seconds.
  path: Assets/Talaei.Dev/_Objects/Debris Rocks A.fbx
  artifactKey: Guid(987da5d535f091141973033a4cdeaec9) Importer(815301076,1909f56bfc062723c751e8b465ee728b)
Start importing Assets/Talaei.Dev/_Objects/Debris Rocks A.fbx using Guid(987da5d535f091141973033a4cdeaec9) Importer(815301076,1909f56bfc062723c751e8b465ee728b)  -> (artifact id: '24cccc62b5d11091c6048cf711977b99') in 0.619014 seconds 
  Import took 0.622576 seconds .

========================================================================
Received Import Request.
  Time since last request: 4.674327 seconds.
  path: Assets/Talaei.Dev/_Objects/Debris Rocks A.fbx
  artifactKey: Guid(987da5d535f091141973033a4cdeaec9) Importer(815301076,1909f56bfc062723c751e8b465ee728b)
Start importing Assets/Talaei.Dev/_Objects/Debris Rocks A.fbx using Guid(987da5d535f091141973033a4cdeaec9) Importer(815301076,1909f56bfc062723c751e8b465ee728b)  -> (artifact id: '604a120a4631b76f089a9494764fa81c') in 0.147434 seconds 
  Import took 0.152096 seconds .

========================================================================
Received Import Request.
  Time since last request: 10.769119 seconds.
  path: Assets/Talaei.Dev/_Objects/Debris Woods A.fbx
  artifactKey: Guid(0e1194492493fcf4d927e80612887d97) Importer(815301076,1909f56bfc062723c751e8b465ee728b)
Start importing Assets/Talaei.Dev/_Objects/Debris Woods A.fbx using Guid(0e1194492493fcf4d927e80612887d97) Importer(815301076,1909f56bfc062723c751e8b465ee728b)  -> (artifact id: 'cfb8cee8cbc7e145d0640b177607e87a') in 0.432339 seconds 
  Import took 0.437554 seconds .

========================================================================
Received Import Request.
  Time since last request: 4.423941 seconds.
  path: Assets/Talaei.Dev/_Objects/Debris Woods A.fbx
  artifactKey: Guid(0e1194492493fcf4d927e80612887d97) Importer(815301076,1909f56bfc062723c751e8b465ee728b)
Start importing Assets/Talaei.Dev/_Objects/Debris Woods A.fbx using Guid(0e1194492493fcf4d927e80612887d97) Importer(815301076,1909f56bfc062723c751e8b465ee728b)  -> (artifact id: '17c72cbc65770c0f32773fd0821b9dc5') in 0.297067 seconds 
  Import took 0.308709 seconds .

========================================================================
Received Prepare
Registering precompiled user dll's ...
Registered in 0.003767 seconds.
Begin MonoManager ReloadAssembly
Native extension for WindowsStandalone target not found
Refreshing native plugins compatible for Editor in 0.43 ms, found 2 plugins.
Preloading 0 native plugins for Editor in 0.00 ms.
Mono: successfully reloaded assembly
- Completed reload, in  1.407 seconds
Domain Reload Profiling:
	ReloadAssembly (1407ms)
		BeginReloadAssembly (143ms)
			ExecutionOrderSort (0ms)
			DisableScriptedObjects (4ms)
			BackupInstance (0ms)
			ReleaseScriptingObjects (0ms)
			CreateAndSetChildDomain (39ms)
		EndReloadAssembly (1188ms)
			LoadAssemblies (113ms)
			RebuildTransferFunctionScriptingTraits (0ms)
			SetupTypeCache (438ms)
			ReleaseScriptCaches (1ms)
			RebuildScriptCaches (60ms)
			SetupLoadedEditorAssemblies (417ms)
				LogAssemblyErrors (0ms)
				InitializePlatformSupportModulesInManaged (7ms)
				SetLoadedEditorAssemblies (1ms)
				RefreshPlugins (1ms)
				BeforeProcessingInitializeOnLoad (110ms)
				ProcessInitializeOnLoadAttributes (284ms)
				ProcessInitializeOnLoadMethodAttributes (12ms)
				AfterProcessingInitializeOnLoad (3ms)
				EditorAssembliesLoaded (0ms)
			ExecutionOrderSort2 (0ms)
			AwakeInstancesAfterBackupRestoration (7ms)
Platform modules already initialized, skipping
Refreshing native plugins compatible for Editor in 0.35 ms, found 2 plugins.
Preloading 0 native plugins for Editor in 0.00 ms.
Unloading 1495 Unused Serialized files (Serialized files now loaded: 0)
System memory in use before: 187.8 MB.
System memory in use after: 187.9 MB.

Unloading 14 unused Assets to reduce memory usage. Loaded Objects now: 2017.
Total: 3.815700 ms (FindLiveObjects: 0.273900 ms CreateObjectMapping: 0.060700 ms MarkObjects: 3.450700 ms  DeleteObjects: 0.028900 ms)

AssetImportParameters requested are different than current active one (requested -> active):
  custom:framework-win-MediaFoundation: 216162199b28c13a410421893ffa2e32 -> 
  custom:video-decoder-ogg-theora: a1e56fd34408186e4bbccfd4996cb3dc -> 
  custom:container-muxer-webm: aa71ff27fc2769a1b78a27578f13a17b -> 
  custom:container-demuxer-webm: 4f35f7cbe854078d1ac9338744f61a02 -> 
  custom:container-demuxer-ogg: 62fdf1f143b41e24485cea50d1cbac27 -> 
  custom:video-encoder-webm-vp8: eb34c28f22e8b96e1ab97ce403110664 -> 
  custom:video-decoder-webm-vp8: 9c59270c3fd7afecdb556c50c9e8de78 -> 
  custom:audio-decoder-ogg-vorbis: bf7c407c2cedff20999df2af8eb42d56 -> 
  custom:audio-encoder-webm-vorbis: bf7c407c2cedff20999df2af8eb42d56 -> 
========================================================================
Received Import Request.
  Time since last request: 435.026504 seconds.
  path: Assets/Talaei.Dev/_Mesh/Debris/DebrisMesh.asset
  artifactKey: Guid(a658599bc9171074697c326ca700930d) Importer(815301076,1909f56bfc062723c751e8b465ee728b)
Start importing Assets/Talaei.Dev/_Mesh/Debris/DebrisMesh.asset using Guid(a658599bc9171074697c326ca700930d) Importer(815301076,1909f56bfc062723c751e8b465ee728b)  -> (artifact id: '6085a5b843482d7ee70c8186896ce2de') in 0.139213 seconds 
  Import took 0.144927 seconds .

========================================================================
Received Import Request.
  Time since last request: 3.706229 seconds.
  path: Assets/Talaei.Dev/_Mesh/Debris/DebrisMesh_1.asset
  artifactKey: Guid(37e0e7b53666b194c89ee79d771810b5) Importer(815301076,1909f56bfc062723c751e8b465ee728b)
Start importing Assets/Talaei.Dev/_Mesh/Debris/DebrisMesh_1.asset using Guid(37e0e7b53666b194c89ee79d771810b5) Importer(815301076,1909f56bfc062723c751e8b465ee728b)  -> (artifact id: 'b75a39e63745bd8f612639fc32fe836f') in 0.029833 seconds 
  Import took 0.135831 seconds .

========================================================================
Received Import Request.
  Time since last request: 1.186378 seconds.
  path: Assets/Talaei.Dev/_Mesh/Debris/DebrisMesh_2.asset
  artifactKey: Guid(8396bb509f045684d82aaa3402835bab) Importer(815301076,1909f56bfc062723c751e8b465ee728b)
Start importing Assets/Talaei.Dev/_Mesh/Debris/DebrisMesh_2.asset using Guid(8396bb509f045684d82aaa3402835bab) Importer(815301076,1909f56bfc062723c751e8b465ee728b)  -> (artifact id: '029ef66d94f5a0396ec5e9733484d1ba') in 0.132114 seconds 
  Import took 0.136609 seconds .

========================================================================
Received Import Request.
  Time since last request: 1738.084743 seconds.
  path: Assets
  artifactKey: Guid(00000000000000001000000000000000) Importer(815301076,1909f56bfc062723c751e8b465ee728b)
Start importing Assets using Guid(00000000000000001000000000000000) Importer(815301076,1909f56bfc062723c751e8b465ee728b)  -> (artifact id: '42d402b061de3733987d63b9cc3b64de') in 0.012031 seconds 
  Import took 0.061459 seconds .

